⚠️ firebase-admin not available. Push notifications will be disabled until the dependency is installed. Cannot find module 'firebase-admin'
Require stack:
- C:\DomusGest\backend\server.js
Error fetching user_condominiums for user 1122 SQLITE_ERROR: no such column: c.nome
Error fetching user_condominiums for user 1122 SQLITE_ERROR: no such column: c.nome
Error fetching user_condominiums for user 1122 SQLITE_ERROR: no such column: c.nome
Error fetching user_condominiums for user 1122 SQLITE_ERROR: no such column: c.nome
Error fetching user_condominiums for user 1122 SQLITE_ERROR: no such column: c.nome
Error fetching user_condominiums for user 1122 SQLITE_ERROR: no such column: c.nome
Error fetching user_condominiums for user 1122 SQLITE_ERROR: no such column: c.nome
Error fetching user_condominiums for user 1122 SQLITE_ERROR: no such column: c.nome
Error fetching user_condominiums for user 1122 SQLITE_ERROR: no such column: c.nome
Error fetching user_condominiums for user 1464 SQLITE_ERROR: no such column: c.nome
Error fetching user_condominiums for user 1464 SQLITE_ERROR: no such column: c.nome
Error fetching user_condominiums for user 1464 SQLITE_ERROR: no such column: c.nome
Error fetching user_condominiums for user 1464 SQLITE_ERROR: no such column: c.nome
Error fetching user_condominiums for user 1464 SQLITE_ERROR: no such column: c.nome
Error fetching user_condominiums for user 1464 SQLITE_ERROR: no such column: c.nome
Error inserting user (full schema): SQLITE_ERROR: table users has no column named grupo
Error fetching user_condominiums for user 9986 SQLITE_ERROR: no such column: c.nome
Error inserting user (full schema): SQLITE_ERROR: table users has no column named grupo
Error inserting user (full schema): SQLITE_ERROR: table users has no column named grupo
Error fetching user_condominiums for user 9988 SQLITE_ERROR: no such column: c.nome
Error fetching user_condominiums for user 9988 SQLITE_ERROR: no such column: c.nome
Error inserting user (full schema): SQLITE_ERROR: table users has no column named grupo
Error fetching user_condominiums for user 9989 SQLITE_ERROR: no such column: c.nome
Error fetching user_condominiums for user 9989 SQLITE_ERROR: no such column: c.nome
Error fetching user_condominiums for user 9989 SQLITE_ERROR: no such column: c.nome
Error fetching user_condominiums for user 9989 SQLITE_ERROR: no such column: c.nome
ReferenceError: Nome is not defined
    at Statement.<anonymous> (C:\DomusGest\backend\server.js:5331:48)
ReferenceError: Nome is not defined
    at Statement.<anonymous> (C:\DomusGest\backend\server.js:5460:48)
ReferenceError: Nome is not defined
    at Statement.<anonymous> (C:\DomusGest\backend\server.js:5460:48)
ReferenceError: Nome is not defined
    at Statement.<anonymous> (C:\DomusGest\backend\server.js:5467:48)
Error fetching user_condominiums for user 478 SQLITE_ERROR: no such column: c.nome
Error fetching user_condominiums for user 1165 SQLITE_ERROR: no such column: c.nome
Error fetching user_condominiums for user 362 SQLITE_ERROR: no such column: c.nome
Error fetching user_condominiums for user 482 SQLITE_ERROR: no such column: c.nome
Error fetching user_condominiums for user 542 SQLITE_ERROR: no such column: c.nome
Error fetching user_condominiums for user 1091 SQLITE_ERROR: no such column: c.nome
Error fetching user_condominiums for user 1328 SQLITE_ERROR: no such column: c.nome
Error fetching user_condominiums for user 362 SQLITE_ERROR: no such column: c.nome
Error fetching user_condominiums for user 611 SQLITE_ERROR: no such column: c.nome
Error fetching user_condominiums for user 1329 SQLITE_ERROR: no such column: c.nome
Error fetching user_condominiums for user 41 SQLITE_ERROR: no such column: c.nome
Error fetching user_condominiums for user 21 SQLITE_ERROR: no such column: c.nome
Error fetching user_condominiums for user 203 SQLITE_ERROR: no such column: c.nome
Error fetching user_condominiums for user 1151 SQLITE_ERROR: no such column: c.nome
Error fetching user_condominiums for user 367 SQLITE_ERROR: no such column: c.nome
Error fetching user_condominiums for user 710 SQLITE_ERROR: no such column: c.nome
Error fetching user_condominiums for user 855 SQLITE_ERROR: no such column: c.nome
Error fetching user_condominiums for user 866 SQLITE_ERROR: no such column: c.nome
Error fetching user_condominiums for user 1291 SQLITE_ERROR: no such column: c.nome
Error fetching user_condominiums for user 1259 SQLITE_ERROR: no such column: c.nome
Error fetching user_condominiums for user 955 SQLITE_ERROR: no such column: c.nome
Error fetching user_condominiums for user 1432 SQLITE_ERROR: no such column: c.nome
Error fetching user_condominiums for user 1367 SQLITE_ERROR: no such column: c.nome
Error fetching user_condominiums for user 1459 SQLITE_ERROR: no such column: c.nome
Error fetching user_condominiums for user 1095 SQLITE_ERROR: no such column: c.nome
Error fetching user_condominiums for user 1431 SQLITE_ERROR: no such column: c.nome
Error fetching user_condominiums for user 874 SQLITE_ERROR: no such column: c.nome
Error fetching user_condominiums for user 618 SQLITE_ERROR: no such column: c.nome
Error fetching user_condominiums for user 749 SQLITE_ERROR: no such column: c.nome
Error fetching user_condominiums for user 984 SQLITE_ERROR: no such column: c.nome
Error fetching user_condominiums for user 588 SQLITE_ERROR: no such column: c.nome
Error fetching user_condominiums for user 411 SQLITE_ERROR: no such column: c.nome
Error fetching user_condominiums for user 441 SQLITE_ERROR: no such column: c.nome
Error fetching user_condominiums for user 1095 SQLITE_ERROR: no such column: c.nome
Error fetching user_condominiums for user 206 SQLITE_ERROR: no such column: c.nome
Error fetching user_condominiums for user 324 SQLITE_ERROR: no such column: c.nome
Error fetching user_condominiums for user 868 SQLITE_ERROR: no such column: c.nome
Error fetching user_condominiums for user 870 SQLITE_ERROR: no such column: c.nome
Error fetching user_condominiums for user 812 SQLITE_ERROR: no such column: c.nome
Error fetching user_condominiums for user 1521 SQLITE_ERROR: no such column: c.nome
Error fetching user_condominiums for user 496 SQLITE_ERROR: no such column: c.nome
Error fetching user_condominiums for user 877 SQLITE_ERROR: no such column: c.nome
Error fetching user_condominiums for user 1558 SQLITE_ERROR: no such column: c.nome
Error fetching user_condominiums for user 767 SQLITE_ERROR: no such column: c.nome
Error fetching user_condominiums for user 167 SQLITE_ERROR: no such column: c.nome
Error fetching user_condominiums for user 57 SQLITE_ERROR: no such column: c.nome
Error fetching user_condominiums for user 229 SQLITE_ERROR: no such column: c.nome
Error fetching user_condominiums for user 247 SQLITE_ERROR: no such column: c.nome
Error fetching user_condominiums for user 692 SQLITE_ERROR: no such column: c.nome
Error fetching user_condominiums for user 712 SQLITE_ERROR: no such column: c.nome
Error fetching user_condominiums for user 687 SQLITE_ERROR: no such column: c.nome
